2025-01-15 08:00:01.234 [main] INFO  o.s.boot.SpringApplication - Starting CommunityBookingApplication v2.1.3 on booking-app-01 with PID 1234
2025-01-15 08:00:01.567 [main] INFO  o.s.boot.SpringApplication - No active profile set, falling back to default profiles: default
2025-01-15 08:00:02.123 [main] INFO  o.s.d.r.c.RepositoryConfigurationDelegate - Bootstrapping Spring Data JPA repositories in DEFAULT mode
2025-01-15 08:00:02.456 [main] INFO  o.s.d.r.c.RepositoryConfigurationDelegate - Finished Spring Data repository scanning in 298ms
2025-01-15 08:00:03.789 [main] INFO  o.s.b.w.e.tomcat.TomcatWebServer - Tomcat initialized with port(s): 8080 (http)
2025-01-15 08:00:04.012 [main] INFO  c.h.HikariDataSource - HikariPool-1 - Starting...
2025-01-15 08:00:04.345 [main] INFO  c.h.HikariDataSource - HikariPool-1 - Start completed (pool size: 10, active: 0, idle: 10, waiting: 0)
2025-01-15 08:00:05.678 [main] INFO  o.h.jpa.internal.util.LogHelper - HHH000204: Processing PersistenceUnitInfo [name: default]
2025-01-15 08:00:06.234 [main] INFO  o.h.Version - HHH000412: Hibernate ORM core version 5.6.15.Final
2025-01-15 08:00:07.567 [main] INFO  o.h.engine.jdbc.connections.internal.DriverManagerConnectionProviderImpl - HHH000401: using driver [org.postgresql.Driver] at URL [jdbc:postgresql://db-primary:5432/booking_db]
2025-01-15 08:00:08.123 [main] INFO  o.h.dialect.Dialect - HHH000400: Using dialect: org.hibernate.dialect.PostgreSQL95Dialect
2025-01-15 08:00:09.456 [main] INFO  o.s.b.w.e.tomcat.TomcatWebServer - Tomcat started on port(s): 8080 (http) with context path ''
2025-01-15 08:00:09.789 [main] INFO  o.s.boot.SpringApplication - Started CommunityBookingApplication in 8.555 seconds (JVM running for 9.123)
2025-01-15 08:00:10.012 [scheduler-1] INFO  c.g.b.s.CacheWarmupService - Cache warmup started for facility availability
2025-01-15 08:00:12.345 [scheduler-1] INFO  c.g.b.s.CacheWarmupService - Cache warmup completed: 50 facilities, 2847 time slots cached
2025-01-15 08:00:15.678 [http-nio-8080-exec-1] INFO  c.g.b.c.BookingController - Health check endpoint accessed
2025-01-15 08:30:23.123 [http-nio-8080-exec-2] INFO  c.g.b.c.SearchController - Facility search request: criteria={area=central, type=sports-hall, date=2025-01-15}
2025-01-15 08:30:23.156 [http-nio-8080-exec-2] INFO  c.g.b.s.BookingSearchService - Executing availability search for date range: 2025-01-15 00:00:00 to 2025-01-15 23:59:59
2025-01-15 08:30:23.234 [http-nio-8080-exec-2] INFO  c.g.b.c.SearchController - Search completed successfully: 12 results returned in 78ms
2025-01-15 08:45:17.456 [http-nio-8080-exec-3] INFO  c.g.b.c.BookingController - New booking request: facility=CH001, date=2025-01-16, time=19:00-21:00, user=user_12345
2025-01-15 08:45:17.523 [http-nio-8080-exec-3] INFO  c.g.b.s.BookingService - Booking validation successful
2025-01-15 08:45:17.678 [http-nio-8080-exec-3] INFO  c.g.b.s.PaymentService - Processing payment: amount=£15.00, reference=BK-20250115-001
2025-01-15 08:45:18.012 [http-nio-8080-exec-3] INFO  c.g.b.c.BookingController - Booking created successfully: ID=BK-20250115-001
2025-01-15 09:00:45.234 [http-nio-8080-exec-4] INFO  c.g.b.c.SearchController - Facility search request: criteria={area=north, type=meeting-room, date=2025-01-20}
2025-01-15 09:00:45.267 [http-nio-8080-exec-4] INFO  c.g.b.s.BookingSearchService - Executing availability search for date range: 2025-01-20 00:00:00 to 2025-01-20 23:59:59
2025-01-15 09:00:47.123 [http-nio-8080-exec-4] WARN  c.g.b.s.BookingSearchService - Search query execution time: 1856ms (threshold: 1000ms)
2025-01-15 09:00:47.156 [http-nio-8080-exec-4] INFO  c.g.b.c.SearchController - Search completed successfully: 8 results returned in 1889ms
2025-01-15 09:05:12.345 [http-nio-8080-exec-5] INFO  c.g.b.c.SearchController - Facility search request: criteria={area=south, type=community-hall, date=2025-01-18}
2025-01-15 09:05:12.378 [http-nio-8080-exec-5] INFO  c.g.b.s.BookingSearchService - Executing availability search for date range: 2025-01-18 00:00:00 to 2025-01-18 23:59:59
2025-01-15 09:05:12.456 [http-nio-8080-exec-5] INFO  c.g.b.c.SearchController - Search completed successfully: 15 results returned in 78ms
2025-01-15 09:15:33.567 [http-nio-8080-exec-6] INFO  c.g.b.c.SearchController - Facility search request: criteria={area=central, type=sports-hall, date=2025-01-25}
2025-01-15 09:15:33.601 [http-nio-8080-exec-6] INFO  c.g.b.s.BookingSearchService - Executing availability search for date range: 2025-01-25 00:00:00 to 2025-01-25 23:59:59
2025-01-15 09:15:36.789 [http-nio-8080-exec-6] WARN  c.g.b.s.BookingSearchService - Search query execution time: 3188ms (threshold: 1000ms)
2025-01-15 09:15:36.823 [http-nio-8080-exec-6] INFO  c.g.b.c.SearchController - Search completed successfully: 9 results returned in 3222ms
2025-01-15 09:18:45.123 [http-nio-8080-exec-7] INFO  c.g.b.c.BookingController - New booking request: facility=NH003, date=2025-01-17, time=14:00-16:00, user=user_67890
2025-01-15 09:18:45.234 [http-nio-8080-exec-7] INFO  c.g.b.s.BookingService - Booking validation successful
2025-01-15 09:18:45.345 [http-nio-8080-exec-7] INFO  c.g.b.s.PaymentService - Processing payment: amount=£12.50, reference=BK-20250115-002
2025-01-15 09:18:45.567 [http-nio-8080-exec-7] INFO  c.g.b.c.BookingController - Booking created successfully: ID=BK-20250115-002
2025-01-15 09:22:17.678 [http-nio-8080-exec-8] INFO  c.g.b.c.SearchController - Facility search request: criteria={area=west, type=meeting-room, date=2025-01-22}
2025-01-15 09:22:17.712 [http-nio-8080-exec-8] INFO  c.g.b.s.BookingSearchService - Executing availability search for date range: 2025-01-22 00:00:00 to 2025-01-22 23:59:59
2025-01-15 09:22:19.234 [http-nio-8080-exec-8] WARN  c.g.b.s.BookingSearchService - Search query execution time: 1522ms (threshold: 1000ms)
2025-01-15 09:22:19.267 [http-nio-8080-exec-8] INFO  c.g.b.c.SearchController - Search completed successfully: 6 results returned in 1555ms
2025-01-15 09:25:56.789 [http-nio-8080-exec-9] INFO  c.g.b.c.SearchController - Facility search request: criteria={area=east, type=sports-hall, date=2025-01-27}
2025-01-15 09:25:56.823 [http-nio-8080-exec-9] INFO  c.g.b.s.BookingSearchService - Executing availability search for date range: 2025-01-27 00:00:00 to 2025-01-27 23:59:59
2025-01-15 09:26:12.456 [http-nio-8080-exec-9] ERROR c.g.b.s.BookingSearchService - Search query execution time: 15633ms (threshold: 1000ms) - Query may be scanning excessive records
2025-01-15 09:26:12.489 [http-nio-8080-exec-9] INFO  c.g.b.c.SearchController - Search completed successfully: 14 results returned in 15666ms
2025-01-15 09:30:23.123 [http-nio-8080-exec-10] INFO  c.g.b.c.SearchController - Facility search request: criteria={area=central, type=community-hall, date=2025-01-19}
2025-01-15 09:30:23.156 [http-nio-8080-exec-10] INFO  c.g.b.s.BookingSearchService - Executing availability search for date range: 2025-01-19 00:00:00 to 2025-01-19 23:59:59
2025-01-15 09:30:23.234 [http-nio-8080-exec-10] INFO  c.g.b.c.SearchController - Search completed successfully: 11 results returned in 78ms
2025-01-15 09:35:44.567 [http-nio-8080-exec-11] INFO  c.g.b.c.SearchController - Facility search request: criteria={area=north, type=sports-hall, date=2025-01-29}
2025-01-15 09:35:44.601 [http-nio-8080-exec-11] INFO  c.g.b.s.BookingSearchService - Executing availability search for date range: 2025-01-29 00:00:00 to 2025-01-29 23:59:59
2025-01-15 09:35:56.789 [http-nio-8080-exec-11] ERROR c.g.b.s.BookingSearchService - Search query execution time: 12188ms (threshold: 1000ms) - Query may be scanning excessive records
2025-01-15 09:35:56.823 [http-nio-8080-exec-11] INFO  c.g.b.c.SearchController - Search completed successfully: 7 results returned in 12222ms
2025-01-15 09:40:12.345 [http-nio-8080-exec-12] INFO  c.g.b.c.BookingController - New booking request: facility=SH002, date=2025-01-16, time=18:00-20:00, user=user_11111
2025-01-15 09:40:12.456 [http-nio-8080-exec-12] INFO  c.g.b.s.BookingService - Booking validation successful
2025-01-15 09:40:12.567 [http-nio-8080-exec-12] INFO  c.g.b.s.PaymentService - Processing payment: amount=£18.00, reference=BK-20250115-003
2025-01-15 09:40:12.789 [http-nio-8080-exec-12] INFO  c.g.b.c.BookingController - Booking created successfully: ID=BK-20250115-003
2025-01-15 09:45:33.123 [http-nio-8080-exec-13] INFO  c.g.b.c.SearchController - Facility search request: criteria={area=south, type=meeting-room, date=2025-01-31}
2025-01-15 09:45:33.156 [http-nio-8080-exec-13] INFO  c.g.b.s.BookingSearchService - Executing availability search for date range: 2025-01-31 00:00:00 to 2025-01-31 23:59:59
2025-01-15 09:45:58.234 [http-nio-8080-exec-13] ERROR c.g.b.s.BookingSearchService - Search query execution time: 25078ms (threshold: 1000ms) - Query may be scanning excessive records
2025-01-15 09:45:58.267 [http-nio-8080-exec-13] WARN  c.h.pool.HikariPool - HikariPool-1 - Thread starvation or clock leap detected (housekeeper delta=25s123ms)
2025-01-15 09:45:58.301 [http-nio-8080-exec-13] INFO  c.g.b.c.SearchController - Search completed successfully: 5 results returned in 25111ms
2025-01-15 09:50:15.456 [http-nio-8080-exec-14] INFO  c.g.b.c.SearchController - Facility search request: criteria={area=west, type=sports-hall, date=2025-02-03}
2025-01-15 09:50:15.489 [http-nio-8080-exec-14] INFO  c.g.b.s.BookingSearchService - Executing availability search for date range: 2025-02-03 00:00:00 to 2025-02-03 23:59:59
2025-01-15 09:50:15.567 [http-nio-8080-exec-14] INFO  c.g.b.c.SearchController - Search completed successfully: 13 results returned in 78ms
2025-01-15 09:55:22.678 [http-nio-8080-exec-15] INFO  c.g.b.c.SearchController - Facility search request: criteria={area=central, type=community-hall, date=2025-02-05}
2025-01-15 09:55:22.712 [http-nio-8080-exec-15] INFO  c.g.b.s.BookingSearchService - Executing availability search for date range: 2025-02-05 00:00:00 to 2025-02-05 23:59:59
2025-01-15 09:55:48.789 [http-nio-8080-exec-15] ERROR c.g.b.s.BookingSearchService - Search query execution time: 26077ms (threshold: 1000ms) - Query may be scanning excessive records
2025-01-15 09:55:48.823 [http-nio-8080-exec-15] WARN  c.h.pool.HikariPool - HikariPool-1 - Thread starvation or clock leap detected (housekeeper delta=26s111ms)
2025-01-15 09:55:48.856 [http-nio-8080-exec-15] INFO  c.g.b.c.SearchController - Search completed successfully: 9 results returned in 26144ms
2025-01-15 10:00:34.123 [http-nio-8080-exec-16] INFO  c.g.b.c.BookingController - New booking request: facility=MR005, date=2025-01-17, time=10:00-12:00, user=user_22222
2025-01-15 10:00:34.234 [http-nio-8080-exec-16] INFO  c.g.b.s.BookingService - Booking validation successful
2025-01-15 10:00:34.345 [http-nio-8080-exec-16] INFO  c.g.b.s.PaymentService - Processing payment: amount=£10.00, reference=BK-20250115-004
2025-01-15 10:00:34.567 [http-nio-8080-exec-16] INFO  c.g.b.c.BookingController - Booking created successfully: ID=BK-20250115-004
2025-01-15 10:05:45.789 [http-nio-8080-exec-17] INFO  c.g.b.c.SearchController - Facility search request: criteria={area=east, type=meeting-room, date=2025-02-07}
2025-01-15 10:05:45.823 [http-nio-8080-exec-17] INFO  c.g.b.s.BookingSearchService - Executing availability search for date range: 2025-02-07 00:00:00 to 2025-02-07 23:59:59
2025-01-15 10:06:18.456 [http-nio-8080-exec-17] ERROR c.g.b.s.BookingSearchService - Search query execution time: 32633ms (threshold: 1000ms) - Query may be scanning excessive records
2025-01-15 10:06:18.489 [http-nio-8080-exec-17] WARN  c.h.pool.HikariPool - HikariPool-1 - Thread starvation or clock leap detected (housekeeper delta=32s666ms)
2025-01-15 10:06:18.523 [http-nio-8080-exec-17] ERROR c.g.b.c.SearchController - Search request failed with timeout: criteria={area=east, type=meeting-room, date=2025-02-07}
2025-01-15 10:06:18.556 [http-nio-8080-exec-17] ERROR o.s.web.servlet.mvc.method.annotation.ExceptionHandlerExceptionResolver - Resolved [org.springframework.dao.QueryTimeoutException: could not execute query; SQL [/* dynamic query */]; nested exception is org.hibernate.QueryTimeoutException: could not execute query]
2025-01-15 10:10:23.678 [http-nio-8080-exec-18] INFO  c.g.b.c.SearchController - Facility search request: criteria={area=north, type=community-hall, date=2025-01-21}
2025-01-15 10:10:23.712 [http-nio-8080-exec-18] INFO  c.g.b.s.BookingSearchService - Executing availability search for date range: 2025-01-21 00:00:00 to 2025-01-21 23:59:59
2025-01-15 10:10:23.789 [http-nio-8080-exec-18] INFO  c.g.b.c.SearchController - Search completed successfully: 16 results returned in 77ms
2025-01-15 10:15:56.123 [http-nio-8080-exec-19] INFO  c.g.b.c.SearchController - Facility search request: criteria={area=west, type=sports-hall, date=2025-02-10}
2025-01-15 10:15:56.156 [http-nio-8080-exec-19] INFO  c.g.b.s.BookingSearchService - Executing availability search for date range: 2025-02-10 00:00:00 to 2025-02-10 23:59:59
2025-01-15 10:16:34.234 [http-nio-8080-exec-19] ERROR c.g.b.s.BookingSearchService - Search query execution time: 38078ms (threshold: 1000ms) - Query may be scanning excessive records
2025-01-15 10:16:34.267 [http-nio-8080-exec-19] WARN  c.h.pool.HikariPool - HikariPool-1 - Thread starvation or clock leap detected (housekeeper delta=38s111ms)
2025-01-15 10:16:34.301 [http-nio-8080-exec-19] ERROR c.g.b.c.SearchController - Search request failed with timeout: criteria={area=west, type=sports-hall, date=2025-02-10}
2025-01-15 10:16:34.334 [http-nio-8080-exec-19] ERROR o.s.web.servlet.mvc.method.annotation.ExceptionHandlerExceptionResolver - Resolved [org.springframework.dao.QueryTimeoutException: could not execute query; SQL [/* dynamic query */]; nested exception is org.hibernate.QueryTimeoutException: could not execute query]
2025-01-15 10:20:12.456 [http-nio-8080-exec-20] INFO  c.g.b.c.BookingController - New booking request: facility=CH004, date=2025-01-18, time=15:00-17:00, user=user_33333
2025-01-15 10:20:12.567 [http-nio-8080-exec-20] INFO  c.g.b.s.BookingService - Booking validation successful
2025-01-15 10:20:12.678 [http-nio-8080-exec-20] INFO  c.g.b.s.PaymentService - Processing payment: amount=£14.00, reference=BK-20250115-005
2025-01-15 10:20:12.901 [http-nio-8080-exec-20] INFO  c.g.b.c.BookingController - Booking created successfully: ID=BK-20250115-005
2025-01-15 10:25:33.789 [http-nio-8080-exec-21] INFO  c.g.b.c.SearchController - Facility search request: criteria={area=south, type=meeting-room, date=2025-02-12}
2025-01-15 10:25:33.823 [http-nio-8080-exec-21] INFO  c.g.b.s.BookingSearchService - Executing availability search for date range: 2025-02-12 00:00:00 to 2025-02-12 23:59:59
2025-01-15 10:26:18.123 [http-nio-8080-exec-21] ERROR c.g.b.s.BookingSearchService - Search query execution time: 44300ms (threshold: 1000ms) - Query may be scanning excessive records
2025-01-15 10:26:18.156 [http-nio-8080-exec-21] WARN  c.h.pool.HikariPool - HikariPool-1 - Thread starvation or clock leap detected (housekeeper delta=44s333ms)
2025-01-15 10:26:18.189 [http-nio-8080-exec-21] ERROR c.g.b.c.SearchController - Search request failed with timeout: criteria={area=south, type=meeting-room, date=2025-02-12}
2025-01-15 10:26:18.223 [http-nio-8080-exec-21] ERROR o.s.web.servlet.mvc.method.annotation.ExceptionHandlerExceptionResolver - Resolved [org.springframework.dao.QueryTimeoutException: could not execute query; SQL [/* dynamic query */]; nested exception is org.hibernate.QueryTimeoutException: could not execute query]
2025-01-15 10:30:45.345 [http-nio-8080-exec-22] INFO  c.g.b.c.SearchController - Facility search request: criteria={area=central, type=sports-hall, date=2025-01-23}
2025-01-15 10:30:45.378 [http-nio-8080-exec-22] INFO  c.g.b.s.BookingSearchService - Executing availability search for date range: 2025-01-23 00:00:00 to 2025-01-23 23:59:59
2025-01-15 10:30:45.456 [http-nio-8080-exec-22] INFO  c.g.b.c.SearchController - Search completed successfully: 8 results returned in 78ms
2025-01-15 10:35:12.567 [http-nio-8080-exec-23] WARN  c.h.pool.HikariPool - HikariPool-1 - Connection is not available, request timed out after 30000ms.
2025-01-15 10:35:12.601 [http-nio-8080-exec-23] ERROR c.g.b.c.SearchController - Database connection timeout for search request: criteria={area=east, type=community-hall, date=2025-02-14}
2025-01-15 10:35:12.634 [http-nio-8080-exec-23] ERROR o.s.web.servlet.mvc.method.annotation.ExceptionHandlerExceptionResolver - Resolved [org.springframework.dao.DataAccessResourceFailureException: Unable to acquire JDBC Connection; nested exception is java.sql.SQLTransientConnectionException: HikariPool-1 - Connection is not available, request timed out after 30000ms.]
2025-01-15 10:40:23.789 [http-nio-8080-exec-24] WARN  c.h.pool.HikariPool - HikariPool-1 - Connection is not available, request timed out after 30000ms.
2025-01-15 10:40:23.823 [http-nio-8080-exec-24] ERROR c.g.b.c.SearchController - Database connection timeout for search request: criteria={area=north, type=sports-hall, date=2025-02-17}
2025-01-15 10:40:23.856 [http-nio-8080-exec-24] ERROR o.s.web.servlet.mvc.method.annotation.ExceptionHandlerExceptionResolver - Resolved [org.springframework.dao.DataAccessResourceFailureException: Unable to acquire JDBC Connection; nested exception is java.sql.SQLTransientConnectionException: HikariPool-1 - Connection is not available, request timed out after 30000ms.]
2025-01-15 10:45:34.123 [http-nio-8080-exec-25] INFO  c.g.b.c.BookingController - New booking request: facility=MR008, date=2025-01-19, time=09:00-11:00, user=user_44444
2025-01-15 10:45:34.234 [http-nio-8080-exec-25] INFO  c.g.b.s.BookingService - Booking validation successful
2025-01-15 10:45:34.345 [http-nio-8080-exec-25] INFO  c.g.b.s.PaymentService - Processing payment: amount=£11.50, reference=BK-20250115-006
2025-01-15 10:45:34.567 [http-nio-8080-exec-25] INFO  c.g.b.c.BookingController - Booking created successfully: ID=BK-20250115-006
2025-01-15 10:50:45.678 [http-nio-8080-exec-26] WARN  c.h.pool.HikariPool - HikariPool-1 - Connection is not available, request timed out after 30000ms.
2025-01-15 10:50:45.712 [http-nio-8080-exec-26] ERROR c.g.b.c.SearchController - Database connection timeout for search request: criteria={area=west, type=meeting-room, date=2025-02-19}
2025-01-15 10:50:45.745 [http-nio-8080-exec-26] ERROR o.s.web.servlet.mvc.method.annotation.ExceptionHandlerExceptionResolver - Resolved [org.springframework.dao.DataAccessResourceFailureException: Unable to acquire JDBC Connection; nested exception is java.sql.SQLTransientConnectionException: HikariPool-1 - Connection is not available, request timed out after 30000ms.]
2025-01-15 11:00:12.234 [http-nio-8080-exec-27] WARN  c.h.pool.HikariPool - HikariPool-1 - Connection is not available, request timed out after 30000ms.
2025-01-15 11:00:12.267 [http-nio-8080-exec-27] ERROR c.g.b.c.SearchController - Database connection timeout for search request: criteria={area=south, type=sports-hall, date=2025-02-21}
2025-01-15 11:00:12.301 [http-nio-8080-exec-27] ERROR o.s.web.servlet.mvc.method.annotation.ExceptionHandlerExceptionResolver - Resolved [org.springframework.dao.DataAccessResourceFailureException: Unable to acquire JDBC Connection; nested exception is java.sql.SQLTransientConnectionException: HikariPool-1 - Connection is not available, request timed out after 30000ms.]
2025-01-15 11:05:33.456 [http-nio-8080-exec-28] WARN  c.h.pool.HikariPool - HikariPool-1 - Connection is not available, request timed out after 30000ms.
2025-01-15 11:05:33.489 [http-nio-8080-exec-28] ERROR c.g.b.c.BookingController - Database connection timeout for booking request: facility=CH007, date=2025-01-20, user=user_55555
2025-01-15 11:05:33.523 [http-nio-8080-exec-28] ERROR o.s.web.servlet.mvc.method.annotation.ExceptionHandlerExceptionResolver - Resolved [org.springframework.dao.DataAccessResourceFailureException: Unable to acquire JDBC Connection; nested exception is java.sql.SQLTransientConnectionException: HikariPool-1 - Connection is not available, request timed out after 30000ms.]
2025-01-15 11:10:44.567 [http-nio-8080-exec-29] WARN  c.h.pool.HikariPool - HikariPool-1 - Connection is not available, request timed out after 30000ms.
2025-01-15 11:10:44.601 [http-nio-8080-exec-29] ERROR c.g.b.c.SearchController - Database connection timeout for search request: criteria={area=central, type=community-hall, date=2025-02-24}
2025-01-15 11:10:44.634 [http-nio-8080-exec-29] ERROR o.s.web.servlet.mvc.method.annotation.ExceptionHandlerExceptionResolver - Resolved [org.springframework.dao.DataAccessResourceFailureException: Unable to acquire JDBC Connection; nested exception is java.sql.SQLTransientConnectionException: HikariPool-1 - Connection is not available, request timed out after 30000ms.]
2025-01-15 11:15:55.789 [http-nio-8080-exec-30] ERROR c.g.b.c.HealthController - Health check failed: database connection pool exhausted
2025-01-15 11:15:55.823 [http-nio-8080-exec-30] WARN  c.h.pool.HikariPool - HikariPool-1 - Connection is not available, request timed out after 30000ms.
2025-01-15 11:20:12.123 [monitoring-thread-1] WARN  c.g.b.monitoring.PerformanceMonitor - High response time detected: average=42.3s, 95th percentile=58.7s
2025-01-15 11:20:12.156 [monitoring-thread-1] ERROR c.g.b.monitoring.PerformanceMonitor - Connection pool utilization critical: 10/10 connections active, 15 requests waiting
2025-01-15 11:25:23.345 [http-nio-8080-exec-31] ERROR c.g.b.c.SearchController - Service temporarily unavailable due to high load
2025-01-15 11:25:23.378 [http-nio-8080-exec-31] ERROR o.s.web.servlet.mvc.method.annotation.ExceptionHandlerExceptionResolver - Resolved [org.springframework.web.server.ResponseStatusException: 503 SERVICE_UNAVAILABLE "Service temporarily unavailable"]
2025-01-15 11:30:34.456 [monitoring-thread-1] WARN  c.g.b.monitoring.MemoryMonitor - High memory usage detected: heap=85.7% (3.4GB/4GB), GC frequency increased
2025-01-15 11:30:34.489 [monitoring-thread-1] WARN  c.g.b.monitoring.MemoryMonitor - Frequent GC cycles detected: 12 full GC events in last 5 minutes
2025-01-15 11:35:45.567 [http-nio-8080-exec-32] ERROR c.g.b.c.SearchController - Service temporarily unavailable due to high load
2025-01-15 11:35:45.601 [http-nio-8080-exec-32] ERROR o.s.web.servlet.mvc.method.annotation.ExceptionHandlerExceptionResolver - Resolved [org.springframework.web.server.ResponseStatusException: 503 SERVICE_UNAVAILABLE "Service temporarily unavailable"]
2025-01-15 11:40:56.678 [http-nio-8080-exec-33] ERROR c.g.b.c.BookingController - Service temporarily unavailable due to high load
2025-01-15 11:40:56.712 [http-nio-8080-exec-33] ERROR o.s.web.servlet.mvc.method.annotation.ExceptionHandlerExceptionResolver - Resolved [org.springframework.web.server.ResponseStatusException: 503 SERVICE_UNAVAILABLE "Service temporarily unavailable"]
2025-01-15 11:45:12.789 [monitoring-thread-1] ERROR c.g.b.monitoring.PerformanceMonitor - System performance critically degraded: average response time=67.2s, error rate=78%
2025-01-15 11:50:23.123 [http-nio-8080-exec-34] ERROR c.g.b.c.SearchController - Service temporarily unavailable due to high load
2025-01-15 11:50:23.156 [http-nio-8080-exec-34] ERROR o.s.web.servlet.mvc.method.annotation.ExceptionHandlerExceptionResolver - Resolved [org.springframework.web.server.ResponseStatusException: 503 SERVICE_UNAVAILABLE "Service temporarily unavailable"]
2025-01-15 12:00:34.234 [monitoring-thread-1] WARN  c.g.b.monitoring.AlertManager - Critical alert triggered: DATABASE_POOL_EXHAUSTION - All database connections in use for >60 minutes
2025-01-15 12:00:34.267 [monitoring-thread-1] WARN  c.g.b.monitoring.AlertManager - Critical alert triggered: HIGH_RESPONSE_TIME - 95th percentile response time >60s for >45 minutes
2025-01-15 12:05:45.345 [http-nio-8080-exec-35] ERROR c.g.b.c.SearchController - Service temporarily unavailable due to high load
2025-01-15 12:05:45.378 [http-nio-8080-exec-35] ERROR o.s.web.servlet.mvc.method.annotation.ExceptionHandlerExceptionResolver - Resolved [org.springframework.web.server.ResponseStatusException: 503 SERVICE_UNAVAILABLE "Service temporarily unavailable"]
2025-01-15 12:15:56.456 [monitoring-thread-1] INFO  c.g.b.monitoring.AlertManager - Manual intervention initiated: Database connection pool restart requested
2025-01-15 12:20:12.567 [main] INFO  c.h.HikariDataSource - HikariPool-1 - Shutdown initiated...
2025-01-15 12:20:15.678 [main] INFO  c.h.HikariDataSource - HikariPool-1 - Shutdown completed.
2025-01-15 12:20:16.789 [main] INFO  c.h.HikariDataSource - HikariPool-2 - Starting...
2025-01-15 12:20:17.123 [main] INFO  c.h.HikariDataSource - HikariPool-2 - Start completed (pool size: 15, active: 0, idle: 15, waiting: 0)
2025-01-15 12:25:23.234 [http-nio-8080-exec-36] INFO  c.g.b.c.SearchController - Facility search request: criteria={area=central, type=sports-hall, date=2025-01-24}
2025-01-15 12:25:23.267 [http-nio-8080-exec-36] INFO  c.g.b.s.BookingSearchService - Executing availability search for date range: 2025-01-24 00:00:00 to 2025-01-24 23:59:59
2025-01-15 12:25:23.345 [http-nio-8080-exec-36] INFO  c.g.b.c.SearchController - Search completed successfully: 11 results returned in 78ms
2025-01-15 12:30:34.456 [http-nio-8080-exec-37] INFO  c.g.b.c.BookingController - New booking request: facility=SH009, date=2025-01-25, time=16:00-18:00, user=user_66666
2025-01-15 12:30:34.567 [http-nio-8080-exec-37] INFO  c.g.b.s.BookingService - Booking validation successful
2025-01-15 12:30:34.678 [http-nio-8080-exec-37] INFO  c.g.b.s.PaymentService - Processing payment: amount=£16.50, reference=BK-20250115-007
2025-01-15 12:30:34.901 [http-nio-8080-exec-37] INFO  c.g.b.c.BookingController - Booking created successfully: ID=BK-20250115-007
2025-01-15 12:35:45.123 [http-nio-8080-exec-38] INFO  c.g.b.c.SearchController - Facility search request: criteria={area=north, type=meeting-room, date=2025-02-26}
2025-01-15 12:35:45.156 [http-nio-8080-exec-38] INFO  c.g.b.s.BookingSearchService - Executing availability search for date range: 2025-02-26 00:00:00 to 2025-02-26 23:59:59
2025-01-15 12:36:02.234 [http-nio-8080-exec-38] WARN  c.g.b.s.BookingSearchService - Search query execution time: 17078ms (threshold: 1000ms)
2025-01-15 12:36:02.267 [http-nio-8080-exec-38] INFO  c.g.b.c.SearchController - Search completed successfully: 6 results returned in 17111ms
2025-01-15 12:40:13.345 [http-nio-8080-exec-39] INFO  c.g.b.c.SearchController - Facility search request: criteria={area=south, type=community-hall, date=2025-01-26}
2025-01-15 12:40:13.378 [http-nio-8080-exec-39] INFO  c.g.b.s.BookingSearchService - Executing availability search for date range: 2025-01-26 00:00:00 to 2025-01-26 23:59:59
2025-01-15 12:40:13.456 [http-nio-8080-exec-39] INFO  c.g.b.c.SearchController - Search completed successfully: 14 results returned in 78ms
2025-01-15 12:45:24.567 [http-nio-8080-exec-40] INFO  c.g.b.c.SearchController - Facility search request: criteria={area=east, type=sports-hall, date=2025-02-28}
2025-01-15 12:45:24.601 [http-nio-8080-exec-40] INFO  c.g.b.s.BookingSearchService - Executing availability search for date range: 2025-02-28 00:00:00 to 2025-02-28 23:59:59
2025-01-15 12:45:36.678 [http-nio-8080-exec-40] WARN  c.g.b.s.BookingSearchService - Search query execution time: 12077ms (threshold: 1000ms)
2025-01-15 12:45:36.712 [http-nio-8080-exec-40] INFO  c.g.b.c.SearchController - Search completed successfully: 8 results returned in 12111ms
2025-01-15 12:50:47.789 [http-nio-8080-exec-41] INFO  c.g.b.c.BookingController - New booking request: facility=CH010, date=2025-01-27, time=13:00-15:00, user=user_77777
2025-01-15 12:50:47.901 [http-nio-8080-exec-41] INFO  c.g.b.s.BookingService - Booking validation successful
2025-01-15 12:50:48.012 [http-nio-8080-exec-41] INFO  c.g.b.s.PaymentService - Processing payment: amount=£13.50, reference=BK-20250115-008
2025-01-15 12:50:48.234 [http-nio-8080-exec-41] INFO  c.g.b.c.BookingController - Booking created successfully: ID=BK-20250115-008
2025-01-15 12:55:58.345 [http-nio-8080-exec-42] INFO  c.g.b.c.SearchController - Facility search request: criteria={area=west, type=meeting-room, date=2025-01-28}
2025-01-15 12:55:58.378 [http-nio-8080-exec-42] INFO  c.g.b.s.BookingSearchService - Executing availability search for date range: 2025-01-28 00:00:00 to 2025-01-28 23:59:59
2025-01-15 12:55:58.456 [http-nio-8080-exec-42] INFO  c.g.b.c.SearchController - Search completed successfully: 7 results returned in 78ms
2025-01-15 13:00:09.567 [monitoring-thread-1] INFO  c.g.b.monitoring.PerformanceMonitor - Performance stabilizing: average response time=8.2s, error rate=12%
2025-01-15 13:05:20.678 [http-nio-8080-exec-43] INFO  c.g.b.c.SearchController - Facility search request: criteria={area=central, type=community-hall, date=2025-03-03}
2025-01-15 13:05:20.712 [http-nio-8080-exec-43] INFO  c.g.b.s.BookingSearchService - Executing availability search for date range: 2025-03-03 00:00:00 to 2025-03-03 23:59:59
2025-01-15 13:05:25.789 [http-nio-8080-exec-43] WARN  c.g.b.s.BookingSearchService - Search query execution time: 5077ms (threshold: 1000ms)
2025-01-15 13:05:25.823 [http-nio-8080-exec-43] INFO  c.g.b.c.SearchController - Search completed successfully: 10 results returned in 5111ms
2025-01-15 13:10:31.123 [http-nio-8080-exec-44] INFO  c.g.b.c.BookingController - New booking request: facility=MR011, date=2025-01-29, time=11:00-13:00, user=user_88888
2025-01-15 13:10:31.234 [http-nio-8080-exec-44] INFO  c.g.b.s.BookingService - Booking validation successful
2025-01-15 13:10:31.345 [http-nio-8080-exec-44] INFO  c.g.b.s.PaymentService - Processing payment: amount=£12.00, reference=BK-20250115-009
2025-01-15 13:10:31.567 [http-nio-8080-exec-44] INFO  c.g.b.c.BookingController - Booking created successfully: ID=BK-20250115-009
2025-01-15 13:15:42.234 [http-nio-8080-exec-45] INFO  c.g.b.c.SearchController - Facility search request: criteria={area=north, type=sports-hall, date=2025-01-30}
2025-01-15 13:15:42.267 [http-nio-8080-exec-45] INFO  c.g.b.s.BookingSearchService - Executing availability search for date range: 2025-01-30 00:00:00 to 2025-01-30 23:59:59
2025-01-15 13:15:42.345 [http-nio-8080-exec-45] INFO  c.g.b.c.SearchController - Search completed successfully: 13 results returned in 78ms
2025-01-15 13:20:53.456 [http-nio-8080-exec-46] INFO  c.g.b.c.SearchController - Facility search request: criteria={area=south, type=meeting-room, date=2025-03-05}
2025-01-15 13:20:53.489 [http-nio-8080-exec-46] INFO  c.g.b.s.BookingSearchService - Executing availability search for date range: 2025-03-05 00:00:00 to 2025-03-05 23:59:59
2025-01-15 13:20:56.567 [http-nio-8080-exec-46] WARN  c.g.b.s.BookingSearchService - Search query execution time: 3078ms (threshold: 1000ms)
2025-01-15 13:20:56.601 [http-nio-8080-exec-46] INFO  c.g.b.c.SearchController - Search completed successfully: 5 results returned in 3111ms
2025-01-15 13:25:04.678 [monitoring-thread-1] INFO  c.g.b.monitoring.PerformanceMonitor - Performance improving: average response time=3.8s, error rate=5%
2025-01-15 13:30:15.789 [http-nio-8080-exec-47] INFO  c.g.b.c.SearchController - Facility search request: criteria={area=east, type=community-hall, date=2025-02-01}
2025-01-15 13:30:15.823 [http-nio-8080-exec-47] INFO  c.g.b.s.BookingSearchService - Executing availability search for date range: 2025-02-01 00:00:00 to 2025-02-01 23:59:59
2025-01-15 13:30:15.901 [http-nio-8080-exec-47] INFO  c.g.b.c.SearchController - Search completed successfully: 12 results returned in 78ms
2025-01-15 13:35:26.123 [http-nio-8080-exec-48] INFO  c.g.b.c.BookingController - New booking request: facility=SH012, date=2025-02-02, time=17:00-19:00, user=user_99999
2025-01-15 13:35:26.234 [http-nio-8080-exec-48] INFO  c.g.b.s.BookingService - Booking validation successful
2025-01-15 13:35:26.345 [http-nio-8080-exec-48] INFO  c.g.b.s.PaymentService - Processing payment: amount=£17.00, reference=BK-20250115-010
2025-01-15 13:35:26.567 [http-nio-8080-exec-48] INFO  c.g.b.c.BookingController - Booking created successfully: ID=BK-20250115-010
2025-01-15 13:40:37.234 [http-nio-8080-exec-49] INFO  c.g.b.c.SearchController - Facility search request: criteria={area=west, type=sports-hall, date=2025-03-07}
2025-01-15 13:40:37.267 [http-nio-8080-exec-49] INFO  c.g.b.s.BookingSearchService - Executing availability search for date range: 2025-03-07 00:00:00 to 2025-03-07 23:59:59
2025-01-15 13:40:39.345 [http-nio-8080-exec-49] WARN  c.g.b.s.BookingSearchService - Search query execution time: 2078ms (threshold: 1000ms)
2025-01-15 13:40:39.378 [http-nio-8080-exec-49] INFO  c.g.b.c.SearchController - Search completed successfully: 9 results returned in 2111ms
2025-01-15 13:45:48.456 [monitoring-thread-1] INFO  c.g.b.monitoring.PerformanceMonitor - Performance normalized: average response time=1.2s, error rate=1%
2025-01-15 13:50:59.567 [http-nio-8080-exec-50] INFO  c.g.b.c.SearchController - Facility search request: criteria={area=central, type=meeting-room, date=2025-02-04}
2025-01-15 13:50:59.601 [http-nio-8080-exec-50] INFO  c.g.b.s.BookingSearchService - Executing availability search for date range: 2025-02-04 00:00:00 to 2025-02-04 23:59:59
2025-01-15 13:50:59.678 [http-nio-8080-exec-50] INFO  c.g.b.c.SearchController - Search completed successfully: 6 results returned in 77ms
2025-01-15 14:00:10.789 [monitoring-thread-1] INFO  c.g.b.monitoring.AlertManager - Alert resolved: DATABASE_POOL_EXHAUSTION - Connection pool utilization back to normal levels
2025-01-15 14:00:10.823 [monitoring-thread-1] INFO  c.g.b.monitoring.AlertManager - Alert resolved: HIGH_RESPONSE_TIME - Response times back within acceptable thresholds