2025-01-15 08:00:04.123 UTC [1234] LOG:  database system was shut down at 2025-01-15 02:00:01 UTC
2025-01-15 08:00:04.234 UTC [1234] LOG:  database system is ready to accept connections
2025-01-15 08:00:04.345 UTC [1235] LOG:  autovacuum launcher started
2025-01-15 08:00:10.567 UTC [1236] LOG:  connection received: host=booking-app-01 port=45123 user=booking_user database=booking_db
2025-01-15 08:00:10.678 UTC [1236] LOG:  connection authorized: user=booking_user database=booking_db
2025-01-15 08:30:23.156 UTC [1237] LOG:  duration: 67.234 ms  statement: SELECT f.facility_id, f.name, f.type, f.area, ts.start_time, ts.end_time FROM facilities f JOIN time_slots ts ON f.facility_id = ts.facility_id LEFT JOIN bookings b ON ts.time_slot_id = b.time_slot_id WHERE f.area = 'central' AND f.type = 'sports-hall' AND ts.start_time BETWEEN '2025-01-15 00:00:00'::timestamp AND '2025-01-15 23:59:59'::timestamp AND b.booking_id IS NULL ORDER BY f.name, ts.start_time;
2025-01-15 08:45:17.523 UTC [1238] LOG:  duration: 12.456 ms  statement: INSERT INTO bookings (booking_id, facility_id, time_slot_id, user_id, booking_date, amount, status) VALUES ('BK-20250115-001', 'CH001', 15672, 'user_12345', '2025-01-16 19:00:00', 15.00, 'confirmed');
2025-01-15 09:00:45.267 UTC [1239] LOG:  duration: 1823.456 ms  statement: SELECT f.facility_id, f.name, f.type, f.area, ts.start_time, ts.end_time FROM facilities f JOIN time_slots ts ON f.facility_id = ts.facility_id LEFT JOIN bookings b ON ts.time_slot_id = b.time_slot_id WHERE f.area = 'north' AND f.type = 'meeting-room' AND ts.start_time BETWEEN '2025-01-20 00:00:00'::timestamp AND '2025-01-20 23:59:59'::timestamp AND b.booking_id IS NULL ORDER BY f.name, ts.start_time;
2025-01-15 09:00:47.089 UTC [1239] WARNING:  query execution time exceeded threshold: 1823ms > 1000ms
2025-01-15 09:05:12.378 UTC [1240] LOG:  duration: 65.123 ms  statement: SELECT f.facility_id, f.name, f.type, f.area, ts.start_time, ts.end_time FROM facilities f JOIN time_slots ts ON f.facility_id = ts.facility_id LEFT JOIN bookings b ON ts.time_slot_id = b.time_slot_id WHERE f.area = 'south' AND f.type = 'community-hall' AND ts.start_time BETWEEN '2025-01-18 00:00:00'::timestamp AND '2025-01-18 23:59:59'::timestamp AND b.booking_id IS NULL ORDER BY f.name, ts.start_time;
2025-01-15 09:15:33.601 UTC [1241] LOG:  duration: 3156.789 ms  statement: SELECT f.facility_id, f.name, f.type, f.area, ts.start_time, ts.end_time FROM facilities f JOIN time_slots ts ON f.facility_id = ts.facility_id LEFT JOIN bookings b ON ts.time_slot_id = b.time_slot_id WHERE f.area = 'central' AND f.type = 'sports-hall' AND ts.start_time BETWEEN '2025-01-25 00:00:00'::timestamp AND '2025-01-25 23:59:59'::timestamp AND b.booking_id IS NULL ORDER BY f.name, ts.start_time;
2025-01-15 09:15:36.757 UTC [1241] WARNING:  query execution time exceeded threshold: 3156ms > 1000ms
2025-01-15 09:18:45.234 UTC [1242] LOG:  duration: 15.678 ms  statement: INSERT INTO bookings (booking_id, facility_id, time_slot_id, user_id, booking_date, amount, status) VALUES ('BK-20250115-002', 'NH003', 18934, 'user_67890', '2025-01-17 14:00:00', 12.50, 'confirmed');
2025-01-15 09:22:17.712 UTC [1243] LOG:  duration: 1489.234 ms  statement: SELECT f.facility_id, f.name, f.type, f.area, ts.start_time, ts.end_time FROM facilities f JOIN time_slots ts ON f.facility_id = ts.facility_id LEFT JOIN bookings b ON ts.time_slot_id = b.time_slot_id WHERE f.area = 'west' AND f.type = 'meeting-room' AND ts.start_time BETWEEN '2025-01-22 00:00:00'::timestamp AND '2025-01-22 23:59:59'::timestamp AND b.booking_id IS NULL ORDER BY f.name, ts.start_time;
2025-01-15 09:22:19.201 UTC [1243] WARNING:  query execution time exceeded threshold: 1489ms > 1000ms
2025-01-15 09:25:56.823 UTC [1244] LOG:  duration: 15601.234 ms  statement: SELECT f.facility_id, f.name, f.type, f.area, ts.start_time, ts.end_time FROM facilities f JOIN time_slots ts ON f.facility_id = ts.facility_id LEFT JOIN bookings b ON ts.time_slot_id = b.time_slot_id WHERE f.area = 'east' AND f.type = 'sports-hall' AND ts.start_time BETWEEN '2025-01-27 00:00:00'::timestamp AND '2025-01-27 23:59:59'::timestamp AND b.booking_id IS NULL ORDER BY f.name, ts.start_time;
2025-01-15 09:26:12.424 UTC [1244] ERROR:  query execution time critically high: 15601ms > 10000ms - potential table scan detected
2025-01-15 09:26:12.456 UTC [1244] LOG:  query plan: Nested Loop Left Join  (cost=0.56..125847.23 rows=2847 width=89) (actual time=0.123..15589.456 rows=14 loops=1)
2025-01-15 09:30:23.156 UTC [1245] LOG:  duration: 66.789 ms  statement: SELECT f.facility_id, f.name, f.type, f.area, ts.start_time, ts.end_time FROM facilities f JOIN time_slots ts ON f.facility_id = ts.facility_id LEFT JOIN bookings b ON ts.time_slot_id = b.time_slot_id WHERE f.area = 'central' AND f.type = 'community-hall' AND ts.start_time BETWEEN '2025-01-19 00:00:00'::timestamp AND '2025-01-19 23:59:59'::timestamp AND b.booking_id IS NULL ORDER BY f.name, ts.start_time;
2025-01-15 09:35:44.601 UTC [1246] LOG:  duration: 12156.789 ms  statement: SELECT f.facility_id, f.name, f.type, f.area, ts.start_time, ts.end_time FROM facilities f JOIN time_slots ts ON f.facility_id = ts.facility_id LEFT JOIN bookings b ON ts.time_slot_id = b.time_slot_id WHERE f.area = 'north' AND f.type = 'sports-hall' AND ts.start_time BETWEEN '2025-01-29 00:00:00'::timestamp AND '2025-01-29 23:59:59'::timestamp AND b.booking_id IS NULL ORDER BY f.name, ts.start_time;
2025-01-15 09:35:56.757 UTC [1246] ERROR:  query execution time critically high: 12156ms > 10000ms - potential table scan detected
2025-01-15 09:40:12.456 UTC [1247] LOG:  duration: 18.234 ms  statement: INSERT INTO bookings (booking_id, facility_id, time_slot_id, user_id, booking_date, amount, status) VALUES ('BK-20250115-003', 'SH002', 22456, 'user_11111', '2025-01-16 18:00:00', 18.00, 'confirmed');
2025-01-15 09:45:33.156 UTC [1248] LOG:  duration: 25045.678 ms  statement: SELECT f.facility_id, f.name, f.type, f.area, ts.start_time, ts.end_time FROM facilities f JOIN time_slots ts ON f.facility_id = ts.facility_id LEFT JOIN bookings b ON ts.time_slot_id = b.time_slot_id WHERE f.area = 'south' AND f.type = 'meeting-room' AND ts.start_time BETWEEN '2025-01-31 00:00:00'::timestamp AND '2025-01-31 23:59:59'::timestamp AND b.booking_id IS NULL ORDER BY f.name, ts.start_time;
2025-01-15 09:45:58.201 UTC [1248] ERROR:  query execution time critically high: 25045ms > 10000ms - potential table scan detected
2025-01-15 09:45:58.234 UTC [1248] LOG:  query plan: Nested Loop Left Join  (cost=0.56..198234.67 rows=3421 width=89) (actual time=0.089..25033.123 rows=5 loops=1)
2025-01-15 09:45:58.267 UTC [1248] WARNING:  connection holding resources for extended period: 25.1 seconds
2025-01-15 09:50:15.489 UTC [1249] LOG:  duration: 67.123 ms  statement: SELECT f.facility_id, f.name, f.type, f.area, ts.start_time, ts.end_time FROM facilities f JOIN time_slots ts ON f.facility_id = ts.facility_id LEFT JOIN bookings b ON ts.time_slot_id = b.time_slot_id WHERE f.area = 'west' AND f.type = 'sports-hall' AND ts.start_time BETWEEN '2025-02-03 00:00:00'::timestamp AND '2025-02-03 23:59:59'::timestamp AND b.booking_id IS NULL ORDER BY f.name, ts.start_time;
2025-01-15 09:55:22.712 UTC [1250] LOG:  duration: 26044.567 ms  statement: SELECT f.facility_id, f.name, f.type, f.area, ts.start_time, ts.end_time FROM facilities f JOIN time_slots ts ON f.facility_id = ts.facility_id LEFT JOIN bookings b ON ts.time_slot_id = b.time_slot_id WHERE f.area = 'central' AND f.type = 'community-hall' AND ts.start_time BETWEEN '2025-02-05 00:00:00'::timestamp AND '2025-02-05 23:59:59'::timestamp AND b.booking_id IS NULL ORDER BY f.name, ts.start_time;
2025-01-15 09:55:48.756 UTC [1250] ERROR:  query execution time critically high: 26044ms > 10000ms - potential table scan detected
2025-01-15 09:55:48.789 UTC [1250] WARNING:  connection holding resources for extended period: 26.1 seconds
2025-01-15 10:00:34.234 UTC [1251] LOG:  duration: 19.456 ms  statement: INSERT INTO bookings (booking_id, facility_id, time_slot_id, user_id, booking_date, amount, status) VALUES ('BK-20250115-004', 'MR005', 27834, 'user_22222', '2025-01-17 10:00:00', 10.00, 'confirmed');
2025-01-15 10:05:45.823 UTC [1252] LOG:  duration: 32601.234 ms  statement: SELECT f.facility_id, f.name, f.type, f.area, ts.start_time, ts.end_time FROM facilities f JOIN time_slots ts ON f.facility_id = ts.facility_id LEFT JOIN bookings b ON ts.time_slot_id = b.time_slot_id WHERE f.area = 'east' AND f.type = 'meeting-room' AND ts.start_time BETWEEN '2025-02-07 00:00:00'::timestamp AND '2025-02-07 23:59:59'::timestamp AND b.booking_id IS NULL ORDER BY f.name, ts.start_time;
2025-01-15 10:06:18.424 UTC [1252] ERROR:  query execution time critically high: 32601ms > 10000ms - potential table scan detected
2025-01-15 10:06:18.456 UTC [1252] ERROR:  canceling statement due to user request
2025-01-15 10:06:18.489 UTC [1252] WARNING:  connection holding resources for extended period: 32.7 seconds
2025-01-15 10:10:23.712 UTC [1253] LOG:  duration: 68.234 ms  statement: SELECT f.facility_id, f.name, f.type, f.area, ts.start_time, ts.end_time FROM facilities f JOIN time_slots ts ON f.facility_id = ts.facility_id LEFT JOIN bookings b ON ts.time_slot_id = b.time_slot_id WHERE f.area = 'north' AND f.type = 'community-hall' AND ts.start_time BETWEEN '2025-01-21 00:00:00'::timestamp AND '2025-01-21 23:59:59'::timestamp AND b.booking_id IS NULL ORDER BY f.name, ts.start_time;
2025-01-15 10:15:56.156 UTC [1254] LOG:  duration: 38045.678 ms  statement: SELECT f.facility_id, f.name, f.type, f.area, ts.start_time, ts.end_time FROM facilities f JOIN time_slots ts ON f.facility_id = ts.facility_id LEFT JOIN bookings b ON ts.time_slot_id = b.time_slot_id WHERE f.area = 'west' AND f.type = 'sports-hall' AND ts.start_time BETWEEN '2025-02-10 00:00:00'::timestamp AND '2025-02-10 23:59:59'::timestamp AND b.booking_id IS NULL ORDER BY f.name, ts.start_time;
2025-01-15 10:16:34.201 UTC [1254] ERROR:  query execution time critically high: 38045ms > 10000ms - potential table scan detected
2025-01-15 10:16:34.234 UTC [1254] ERROR:  canceling statement due to user request
2025-01-15 10:16:34.267 UTC [1254] WARNING:  connection holding resources for extended period: 38.1 seconds
2025-01-15 10:20:12.567 UTC [1255] LOG:  duration: 21.789 ms  statement: INSERT INTO bookings (booking_id, facility_id, time_slot_id, user_id, booking_date, amount, status) VALUES ('BK-20250115-005', 'CH004', 31245, 'user_33333', '2025-01-18 15:00:00', 14.00, 'confirmed');
2025-01-15 10:25:33.823 UTC [1256] LOG:  duration: 44267.456 ms  statement: SELECT f.facility_id, f.name, f.type, f.area, ts.start_time, ts.end_time FROM facilities f JOIN time_slots ts ON f.facility_id = ts.facility_id LEFT JOIN bookings b ON ts.time_slot_id = b.time_slot_id WHERE f.area = 'south' AND f.type = 'meeting-room' AND ts.start_time BETWEEN '2025-02-12 00:00:00'::timestamp AND '2025-02-12 23:59:59'::timestamp AND b.booking_id IS NULL ORDER BY f.name, ts.start_time;
2025-01-15 10:26:18.090 UTC [1256] ERROR:  query execution time critically high: 44267ms > 10000ms - potential table scan detected
2025-01-15 10:26:18.123 UTC [1256] ERROR:  canceling statement due to user request
2025-01-15 10:26:18.156 UTC [1256] WARNING:  connection holding resources for extended period: 44.3 seconds
2025-01-15 10:30:45.378 UTC [1257] LOG:  duration: 69.123 ms  statement: SELECT f.facility_id, f.name, f.type, f.area, ts.start_time, ts.end_time FROM facilities f JOIN time_slots ts ON f.facility_id = ts.facility_id LEFT JOIN bookings b ON ts.time_slot_id = b.time_slot_id WHERE f.area = 'central' AND f.type = 'sports-hall' AND ts.start_time BETWEEN '2025-01-23 00:00:00'::timestamp AND '2025-01-23 23:59:59'::timestamp AND b.booking_id IS NULL ORDER BY f.name, ts.start_time;
2025-01-15 10:35:12.567 UTC [1258] ERROR:  connection pool exhausted: no available connections (10/10 active)
2025-01-15 10:35:12.601 UTC [1258] ERROR:  could not obtain connection from pool after 30000ms timeout
2025-01-15 10:40:23.789 UTC [1259] ERROR:  connection pool exhausted: no available connections (10/10 active)
2025-01-15 10:40:23.823 UTC [1259] ERROR:  could not obtain connection from pool after 30000ms timeout
2025-01-15 10:45:34.234 UTC [1260] LOG:  duration: 23.456 ms  statement: INSERT INTO bookings (booking_id, facility_id, time_slot_id, user_id, booking_date, amount, status) VALUES ('BK-20250115-006', 'MR008', 35678, 'user_44444', '2025-01-19 09:00:00', 11.50, 'confirmed');
2025-01-15 10:50:45.678 UTC [1261] ERROR:  connection pool exhausted: no available connections (10/10 active)
2025-01-15 10:50:45.712 UTC [1261] ERROR:  could not obtain connection from pool after 30000ms timeout
2025-01-15 11:00:12.234 UTC [1262] ERROR:  connection pool exhausted: no available connections (10/10 active)
2025-01-15 11:00:12.267 UTC [1262] ERROR:  could not obtain connection from pool after 30000ms timeout
2025-01-15 11:05:33.456 UTC [1263] ERROR:  connection pool exhausted: no available connections (10/10 active)
2025-01-15 11:05:33.489 UTC [1263] ERROR:  could not obtain connection from pool after 30000ms timeout
2025-01-15 11:10:44.567 UTC [1264] ERROR:  connection pool exhausted: no available connections (10/10 active)
2025-01-15 11:10:44.601 UTC [1264] ERROR:  could not obtain connection from pool after 30000ms timeout
2025-01-15 11:15:55.789 UTC [1265] ERROR:  connection pool exhausted: no available connections (10/10 active)
2025-01-15 11:15:55.823 UTC [1265] ERROR:  could not obtain connection from pool after 30000ms timeout
2025-01-15 11:20:12.123 UTC [1266] WARNING:  database performance degraded: active connections=10, waiting connections=15
2025-01-15 11:20:12.156 UTC [1266] WARNING:  long-running transactions detected: 8 transactions > 30 minutes duration
2025-01-15 11:25:23.345 UTC [1267] ERROR:  connection pool exhausted: no available connections (10/10 active)
2025-01-15 11:25:23.378 UTC [1267] ERROR:  could not obtain connection from pool after 30000ms timeout
2025-01-15 11:30:34.456 UTC [1268] WARNING:  shared buffer cache hit ratio degraded: 67.8% (normal: >95%)
2025-01-15 11:30:34.489 UTC [1268] WARNING:  excessive disk I/O detected: 1247 MB/s read rate
2025-01-15 11:35:45.567 UTC [1269] ERROR:  connection pool exhausted: no available connections (10/10 active)
2025-01-15 11:35:45.601 UTC [1269] ERROR:  could not obtain connection from pool after 30000ms timeout
2025-01-15 11:40:56.678 UTC [1270] ERROR:  connection pool exhausted: no available connections (10/10 active)
2025-01-15 11:40:56.712 UTC [1270] ERROR:  could not obtain connection from pool after 30000ms timeout
2025-01-15 11:45:12.789 UTC [1271] ERROR:  database performance critically degraded: query backlog=47, average wait time=156 seconds
2025-01-15 11:50:23.123 UTC [1272] ERROR:  connection pool exhausted: no available connections (10/10 active)
2025-01-15 11:50:23.156 UTC [1272] ERROR:  could not obtain connection from pool after 30000ms timeout
2025-01-15 12:00:34.234 UTC [1273] ERROR:  critical alert: database connection pool exhausted for >60 minutes
2025-01-15 12:00:34.267 UTC [1273] ERROR:  critical alert: excessive long-running queries detected
2025-01-15 12:05:45.345 UTC [1274] ERROR:  connection pool exhausted: no available connections (10/10 active)
2025-01-15 12:05:45.378 UTC [1274] ERROR:  could not obtain connection from pool after 30000ms timeout
2025-01-15 12:15:56.456 UTC [1275] LOG:  manual intervention: terminating long-running connections
2025-01-15 12:16:02.567 UTC [1248] FATAL:  terminating connection due to administrator command
2025-01-15 12:16:02.601 UTC [1250] FATAL:  terminating connection due to administrator command
2025-01-15 12:16:02.634 UTC [1252] FATAL:  terminating connection due to administrator command
2025-01-15 12:16:02.667 UTC [1254] FATAL:  terminating connection due to administrator command
2025-01-15 12:16:02.701 UTC [1256] FATAL:  terminating connection due to administrator command
2025-01-15 12:20:12.567 UTC [1276] LOG:  connection pool restart initiated
2025-01-15 12:20:15.678 UTC [1276] LOG:  all connections terminated successfully
2025-01-15 12:20:16.789 UTC [1276] LOG:  connection pool restarted with increased size: 15 connections
2025-01-15 12:20:17.123 UTC [1277] LOG:  connection received: host=booking-app-01 port=45234 user=booking_user database=booking_db
2025-01-15 12:25:23.267 UTC [1278] LOG:  duration: 67.234 ms  statement: SELECT f.facility_id, f.name, f.type, f.area, ts.start_time, ts.end_time FROM facilities f JOIN time_slots ts ON f.facility_id = ts.facility_id LEFT JOIN bookings b ON ts.time_slot_id = b.time_slot_id WHERE f.area = 'central' AND f.type = 'sports-hall' AND ts.start_time BETWEEN '2025-01-24 00:00:00'::timestamp AND '2025-01-24 23:59:59'::timestamp AND b.booking_id IS NULL ORDER BY f.name, ts.start_time;
2025-01-15 12:30:34.567 UTC [1279] LOG:  duration: 16.789 ms  statement: INSERT INTO bookings (booking_id, facility_id, time_slot_id, user_id, booking_date, amount, status) VALUES ('BK-20250115-007', 'SH009', 39123, 'user_66666', '2025-01-25 16:00:00', 16.50, 'confirmed');
2025-01-15 12:35:45.156 UTC [1280] LOG:  duration: 17045.234 ms  statement: SELECT f.facility_id, f.name, f.type, f.area, ts.start_time, ts.end_time FROM facilities f JOIN time_slots ts ON f.facility_id = ts.facility_id LEFT JOIN bookings b ON ts.time_slot_id = b.time_slot_id WHERE f.area = 'north' AND f.type = 'meeting-room' AND ts.start_time BETWEEN '2025-02-26 00:00:00'::timestamp AND '2025-02-26 23:59:59'::timestamp AND b.booking_id IS NULL ORDER BY f.name, ts.start_time;
2025-01-15 12:36:02.201 UTC [1280] WARNING:  query execution time exceeded threshold: 17045ms > 1000ms
2025-01-15 12:40:13.378 UTC [1281] LOG:  duration: 68.456 ms  statement: SELECT f.facility_id, f.name, f.type, f.area, ts.start_time, ts.end_time FROM facilities f JOIN time_slots ts ON f.facility_id = ts.facility_id LEFT JOIN bookings b ON ts.time_slot_id = b.time_slot_id WHERE f.area = 'south' AND f.type = 'community-hall' AND ts.start_time BETWEEN '2025-01-26 00:00:00'::timestamp AND '2025-01-26 23:59:59'::timestamp AND b.booking_id IS NULL ORDER BY f.name, ts.start_time;
2025-01-15 12:45:24.601 UTC [1282] LOG:  duration: 12045.123 ms  statement: SELECT f.facility_id, f.name, f.type, f.area, ts.start_time, ts.end_time FROM facilities f JOIN time_slots ts ON f.facility_id = ts.facility_id LEFT JOIN bookings b ON ts.time_slot_id = b.time_slot_id WHERE f.area = 'east' AND f.type = 'sports-hall' AND ts.start_time BETWEEN '2025-02-28 00:00:00'::timestamp AND '2025-02-28 23:59:59'::timestamp AND b.booking_id IS NULL ORDER BY f.name, ts.start_time;
2025-01-15 12:45:36.646 UTC [1282] WARNING:  query execution time exceeded threshold: 12045ms > 1000ms
2025-01-15 12:50:47.901 UTC [1283] LOG:  duration: 18.234 ms  statement: INSERT INTO bookings (booking_id, facility_id, time_slot_id, user_id, booking_date, amount, status) VALUES ('BK-20250115-008', 'CH010', 42567, 'user_77777', '2025-01-27 13:00:00', 13.50, 'confirmed');
2025-01-15 12:55:58.378 UTC [1284] LOG:  duration: 69.123 ms  statement: SELECT f.facility_id, f.name, f.type, f.area, ts.start_time, ts.end_time FROM facilities f JOIN time_slots ts ON f.facility_id = ts.facility_id LEFT JOIN bookings b ON ts.time_slot_id = b.time_slot_id WHERE f.area = 'west' AND f.type = 'meeting-room' AND ts.start_time BETWEEN '2025-01-28 00:00:00'::timestamp AND '2025-01-28 23:59:59'::timestamp AND b.booking_id IS NULL ORDER BY f.name, ts.start_time;
2025-01-15 13:00:09.567 UTC [1285] LOG:  performance monitoring: average query time=2.3s, connection pool utilization=47%
2025-01-15 13:05:20.712 UTC [1286] LOG:  duration: 5045.678 ms  statement: SELECT f.facility_id, f.name, f.type, f.area, ts.start_time, ts.end_time FROM facilities f JOIN time_slots ts ON f.facility_id = ts.facility_id LEFT JOIN bookings b ON ts.time_slot_id = b.time_slot_id WHERE f.area = 'central' AND f.type = 'community-hall' AND ts.start_time BETWEEN '2025-03-03 00:00:00'::timestamp AND '2025-03-03 23:59:59'::timestamp AND b.booking_id IS NULL ORDER BY f.name, ts.start_time;
2025-01-15 13:05:25.757 UTC [1286] WARNING:  query execution time exceeded threshold: 5045ms > 1000ms
2025-01-15 13:10:31.234 UTC [1287] LOG:  duration: 17.456 ms  statement: INSERT INTO bookings (booking_id, facility_id, time_slot_id, user_id, booking_date, amount, status) VALUES ('BK-20250115-009', 'MR011', 45123, 'user_88888', '2025-01-29 11:00:00', 12.00, 'confirmed');
2025-01-15 13:15:42.267 UTC [1288] LOG:  duration: 70.234 ms  statement: SELECT f.facility_id, f.name, f.type, f.area, ts.start_time, ts.end_time FROM facilities f JOIN time_slots ts ON f.facility_id = ts.facility_id LEFT JOIN bookings b ON ts.time_slot_id = b.time_slot_id WHERE f.area = 'north' AND f.type = 'sports-hall' AND ts.start_time BETWEEN '2025-01-30 00:00:00'::timestamp AND '2025-01-30 23:59:59'::timestamp AND b.booking_id IS NULL ORDER BY f.name, ts.start_time;
2025-01-15 13:20:53.489 UTC [1289] LOG:  duration: 3045.123 ms  statement: SELECT f.facility_id, f.name, f.type, f.area, ts.start_time, ts.end_time FROM facilities f JOIN time_slots ts ON f.facility_id = ts.facility_id LEFT JOIN bookings b ON ts.time_slot_id = b.time_slot_id WHERE f.area = 'south' AND f.type = 'meeting-room' AND ts.start_time BETWEEN '2025-03-05 00:00:00'::timestamp AND '2025-03-05 23:59:59'::timestamp AND b.booking_id IS NULL ORDER BY f.name, ts.start_time;
2025-01-15 13:20:56.534 UTC [1289] WARNING:  query execution time exceeded threshold: 3045ms > 1000ms
2025-01-15 13:25:04.678 UTC [1290] LOG:  performance monitoring: average query time=1.8s, connection pool utilization=33%
2025-01-15 13:30:15.823 UTC [1291] LOG:  duration: 71.456 ms  statement: SELECT f.facility_id, f.name, f.type, f.area, ts.start_time, ts.end_time FROM facilities f JOIN time_slots ts ON f.facility_id = ts.facility_id LEFT JOIN bookings b ON ts.time_slot_id = b.time_slot_id WHERE f.area = 'east' AND f.type = 'community-hall' AND ts.start_time BETWEEN '2025-02-01 00:00:00'::timestamp AND '2025-02-01 23:59:59'::timestamp AND b.booking_id IS NULL ORDER BY f.name, ts.start_time;
2025-01-15 13:35:26.234 UTC [1292] LOG:  duration: 19.123 ms  statement: INSERT INTO bookings (booking_id, facility_id, time_slot_id, user_id, booking_date, amount, status) VALUES ('BK-20250115-010', 'SH012', 47890, 'user_99999', '2025-02-02 17:00:00', 17.00, 'confirmed');
2025-01-15 13:40:37.267 UTC [1293] LOG:  duration: 2045.678 ms  statement: SELECT f.facility_id, f.name, f.type, f.area, ts.start_time, ts.end_time FROM facilities f JOIN time_slots ts ON f.facility_id = ts.facility_id LEFT JOIN bookings b ON ts.time_slot_id = b.time_slot_id WHERE f.area = 'west' AND f.type = 'sports-hall' AND ts.start_time BETWEEN '2025-03-07 00:00:00'::timestamp AND '2025-03-07 23:59:59'::timestamp AND b.booking_id IS NULL ORDER BY f.name, ts.start_time;
2025-01-15 13:40:39.312 UTC [1293] WARNING:  query execution time exceeded threshold: 2045ms > 1000ms
2025-01-15 13:45:48.456 UTC [1294] LOG:  performance monitoring: average query time=0.9s, connection pool utilization=20%
2025-01-15 13:50:59.601 UTC [1295] LOG:  duration: 68.789 ms  statement: SELECT f.facility_id, f.name, f.type, f.area, ts.start_time, ts.end_time FROM facilities f JOIN time_slots ts ON f.facility_id = ts.facility_id LEFT JOIN bookings b ON ts.time_slot_id = b.time_slot_id WHERE f.area = 'central' AND f.type = 'meeting-room' AND ts.start_time BETWEEN '2025-02-04 00:00:00'::timestamp AND '2025-02-04 23:59:59'::timestamp AND b.booking_id IS NULL ORDER BY f.name, ts.start_time;
2025-01-15 14:00:10.789 UTC [1296] LOG:  performance monitoring: average query time=0.3s, connection pool utilization=13%
2025-01-15 14:00:10.823 UTC [1296] LOG:  database performance normalized: connection pool healthy, query times within normal range